[2026-05-08 09:02:06] [info] Start Program:
Path:"C:\\Users\\joaom\\Documents\\Projects_CPP\\Integration-Project-4\\build\\tests\\Debug\\client_test.exe"
Arguments:
Working directory: not set.
Modules: Selected: * Excluded: 
Sources: Selected: C:\Users\joaom\Documents\Projects_CPP\Integration-Project-4\src Excluded: 
Log Level: Normal
Cover Children: 0
Aggregate by file: 1
Continue after C++ exception: 0
Optimized build support: 0
Export: html C:\Users\joaom\Documents\Projects_CPP\Integration-Project-4\coverage cobertura C:\Users\joaom\Documents\Projects_CPP\Integration-Project-4\coverage\coverage.xml 
Input coverage: 
Unified diff: 
Excluded line regular expressions: 
Substitute pdb source paths: 
[2026-05-08 09:02:06] [info] Module: C:\Users\joaom\Documents\Projects_CPP\Integration-Project-4\build\tests\Debug\client_test.exe is selected because it matches selected pattern: *
[2026-05-08 09:02:06] [info] Module: C:\Windows\System32\ntdll.dll is selected because it matches selected pattern: *
[2026-05-08 09:02:06] [info] Module: C:\Windows\System32\kernel32.dll is selected because it matches selected pattern: *
[2026-05-08 09:02:06] [info] Module: C:\Windows\System32\KernelBase.dll is selected because it matches selected pattern: *
[2026-05-08 09:02:06] [info] Module: C:\Windows\System32\advapi32.dll is selected because it matches selected pattern: *
[2026-05-08 09:02:06] [info] Module: C:\Windows\System32\msvcrt.dll is selected because it matches selected pattern: *
[2026-05-08 09:02:06] [info] Module: C:\Windows\System32\sechost.dll is selected because it matches selected pattern: *
[2026-05-08 09:02:06] [info] Module: C:\Users\joaom\Documents\Projects_CPP\Integration-Project-4\build\tests\Debug\re2.dll is selected because it matches selected pattern: *
[2026-05-08 09:02:06] [info] Module: C:\Users\joaom\Documents\Projects_CPP\Integration-Project-4\build\tests\Debug\zlibd1.dll is selected because it matches selected pattern: *
[2026-05-08 09:02:06] [info] Module: C:\Users\joaom\Documents\Projects_CPP\Integration-Project-4\build\tests\Debug\cares.dll is selected because it matches selected pattern: *
[2026-05-08 09:02:06] [info] Module: C:\Windows\System32\rpcrt4.dll is selected because it matches selected pattern: *
[2026-05-08 09:02:06] [info] Module: C:\Windows\System32\ws2_32.dll is selected because it matches selected pattern: *
[2026-05-08 09:02:06] [info] Module: C:\Windows\System32\ucrtbase.dll is selected because it matches selected pattern: *
[2026-05-08 09:02:06] [info] Module: C:\Windows\System32\crypt32.dll is selected because it matches selected pattern: *
[2026-05-08 09:02:06] [info] Module: C:\Users\joaom\Documents\Projects_CPP\Integration-Project-4\build\tests\Debug\libssl-3-x64.dll is selected because it matches selected pattern: *
[2026-05-08 09:02:06] [info] Module: C:\Users\joaom\Documents\Projects_CPP\Integration-Project-4\build\tests\Debug\abseil_dll.dll is selected because it matches selected pattern: *
[2026-05-08 09:02:06] [info] Module: C:\Windows\System32\wsock32.dll is selected because it matches selected pattern: *
[2026-05-08 09:02:06] [info] Module: C:\Users\joaom\Documents\Projects_CPP\Integration-Project-4\build\tests\Debug\libcrypto-3-x64.dll is selected because it matches selected pattern: *
[2026-05-08 09:02:06] [info] Module: C:\Windows\System32\user32.dll is selected because it matches selected pattern: *
[2026-05-08 09:02:06] [info] Module: C:\Windows\System32\vcruntime140d.dll is selected because it matches selected pattern: *
[2026-05-08 09:02:06] [info] Module: C:\Windows\System32\msvcp140d.dll is selected because it matches selected pattern: *
[2026-05-08 09:02:06] [info] Module: C:\Windows\System32\win32u.dll is selected because it matches selected pattern: *
[2026-05-08 09:02:06] [info] Module: C:\Windows\System32\ucrtbased.dll is selected because it matches selected pattern: *
[2026-05-08 09:02:06] [info] Module: C:\Windows\System32\vcruntime140_1d.dll is selected because it matches selected pattern: *
[2026-05-08 09:02:06] [info] Module: C:\Windows\System32\gdi32.dll is selected because it matches selected pattern: *
[2026-05-08 09:02:06] [info] Module: C:\Windows\System32\IPHLPAPI.DLL is selected because it matches selected pattern: *
[2026-05-08 09:02:06] [info] Module: C:\Windows\System32\gdi32full.dll is selected because it matches selected pattern: *
[2026-05-08 09:02:06] [info] Module: C:\Windows\System32\msvcp_win.dll is selected because it matches selected pattern: *
[2026-05-08 09:02:06] [info] Module: C:\Windows\System32\dbghelp.dll is selected because it matches selected pattern: *
[2026-05-08 09:02:06] [info] Module: C:\Windows\System32\bcrypt.dll is selected because it matches selected pattern: *
[2026-05-08 09:02:06] [info] Module: C:\Users\joaom\Documents\Projects_CPP\Integration-Project-4\build\tests\Debug\libprotobufd.dll is selected because it matches selected pattern: *
[2026-05-08 09:02:06] [info] Module: C:\Windows\System32\combase.dll is selected because it matches selected pattern: *
[2026-05-08 09:02:06] [info] Module: C:\Windows\System32\oleaut32.dll is selected because it matches selected pattern: *
[2026-05-08 09:02:06] [info] Module: C:\Windows\System32\cryptbase.dll is selected because it matches selected pattern: *
[2026-05-08 09:02:06] [info] Module: C:\Windows\System32\imm32.dll is selected because it matches selected pattern: *
[2026-05-08 09:02:06] [info] Module: C:\Windows\System32\bcryptprimitives.dll is selected because it matches selected pattern: *
[2026-05-08 09:02:06] [info] Module: C:\Windows\System32\mswsock.dll is selected because it matches selected pattern: *
[2026-05-08 09:02:06] [info] Module: C:\Windows\System32\nsi.dll is selected because it matches selected pattern: *
[2026-05-08 09:02:06] [info] Module: C:\Windows\System32\dhcpcsvc6.dll is selected because it matches selected pattern: *
[2026-05-08 09:02:06] [info] Module: C:\Windows\System32\dhcpcsvc.dll is selected because it matches selected pattern: *
[2026-05-08 09:02:06] [info] Module: C:\Windows\System32\dnsapi.dll is selected because it matches selected pattern: *
[2026-05-08 09:02:07] [info] Module: C:\Windows\System32\kernel.appcore.dll is selected because it matches selected pattern: *
[2026-05-08 09:02:07] [info] ----------------------------------------------------
[2026-05-08 09:02:07] [info] Coverage generated in Folder C:\Users\joaom\Documents\Projects_CPP\Integration-Project-4\coverage
[2026-05-08 09:02:07] [info] ----------------------------------------------------
[2026-05-08 09:02:07] [info] ----------------------------------------------------
[2026-05-08 09:02:07] [info] Cobertura report generated: C:\Users\joaom\Documents\Projects_CPP\Integration-Project-4\coverage\coverage.xml
[2026-05-08 09:02:07] [info] ----------------------------------------------------
[2026-05-08 09:02:07] [info] The code coverage report is not what you expect? See the FAQ https://github.com/OpenCppCoverage/OpenCppCoverage/wiki/FAQ.
